0 info it worked if it ends with ok
1 verbose cli [ '/home/server-iridium/.nvm/versions/node/v9.5.0/bin/node',
1 verbose cli   '/home/server-iridium/.nvm/versions/node/v9.5.0/bin/npm',
1 verbose cli   'update' ]
2 info using npm@3.5.2
3 info using node@v9.5.0
4 verbose stack Error: Cannot find module 'internal/util/types'
4 verbose stack     at Function.Module._resolveFilename (module.js:555:15)
4 verbose stack     at Function.Module._load (module.js:482:25)
4 verbose stack     at Module.require (module.js:604:17)
4 verbose stack     at require (internal/module.js:11:18)
4 verbose stack     at evalmachine.<anonymous>:31:26
4 verbose stack     at Object.<anonymous> (/home/server-iridium/.nvm/versions/node/v9.5.0/lib/node_modules/npm/node_modules/cmd-shim/node_modules/graceful-fs/fs.js:11:1)
4 verbose stack     at Module._compile (module.js:660:30)
4 verbose stack     at Object.Module._extensions..js (module.js:671:10)
4 verbose stack     at Module.load (module.js:573:32)
4 verbose stack     at tryModuleLoad (module.js:513:12)
5 verbose cwd /home/server-iridium/bbscoin-server/bbscoin-pool-1
6 error Linux 4.15.0-139-generic
7 error argv "/home/server-iridium/.nvm/versions/node/v9.5.0/bin/node" "/home/server-iridium/.nvm/versions/node/v9.5.0/bin/npm" "update"
8 error node v9.5.0
9 error npm  v3.5.2
10 error code MODULE_NOT_FOUND
11 error Cannot find module 'internal/util/types'
12 error If you need help, you may report this error at:
12 error     <https://github.com/npm/npm/issues>
13 verbose exit [ 1, true ]
